{
  "RSpec": {
    "coverage": {
      "/app/app/models/user.rb": {
        "lines": [
          1,
          null,
          null,
          1,
          null,
          null,
          1,
          null
        ]
      },
      "/app/app/models/application_record.rb": {
        "lines": [
          1,
          1,
          null
        ]
      },
      "/app/app/helpers/application_helper.rb": {
        "lines": [
          1,
          null
        ]
      },
      "/app/app/helpers/maps_helper.rb": {
        "lines": [
          1,
          null
        ]
      },
      "/app/app/helpers/search_helper.rb": {
        "lines": [
          1,
          null
        ]
      },
      "/app/app/helpers/static_pages_helper.rb": {
        "lines": [
          1,
          null
        ]
      },
      "/app/app/helpers/users_helper.rb": {
        "lines": [
          1,
          null
        ]
      },
      "/app/app/controllers/maps_controller.rb": {
        "lines": [
          1,
          1,
          null,
          1,
          null,
          null
        ]
      },
      "/app/app/controllers/application_controller.rb": {
        "lines": [
          1,
          1,
          1,
          null,
          1,
          null,
          1,
          17,
          null,
          null,
          null,
          null,
          null
        ]
      },
      "/app/app/controllers/search_controller.rb": {
        "lines": [
          1,
          1,
          null,
          1,
          null,
          null
        ]
      },
      "/app/app/controllers/static_pages_controller.rb": {
        "lines": [
          1,
          1,
          null,
          1,
          null,
          null,
          1,
          null,
          null
        ]
      },
      "/app/app/controllers/users/registrations_controller.rb": {
        "lines": [
          1,
          null
        ]
      },
      "/app/app/channels/application_cable/channel.rb": {
        "lines": [
          0,
          0,
          0,
          0
        ],
        "branches": {}
      },
      "/app/app/channels/application_cable/connection.rb": {
        "lines": [
          0,
          0,
          0,
          0
        ],
        "branches": {}
      },
      "/app/app/controllers/users_controller.rb": {
        "lines": [
          0,
          null,
          0,
          null,
          0,
          null,
          0,
          0
        ],
        "branches": {}
      },
      "/app/app/jobs/application_job.rb": {
        "lines": [
          0,
          null,
          null,
          null,
          null,
          null,
          0
        ],
        "branches": {}
      },
      "/app/app/mailers/application_mailer.rb": {
        "lines": [
          0,
          0,
          0,
          0
        ],
        "branches": {}
      }
    },
    "timestamp": 1786805456
  }
}
